Build started 11/18/2015 10:48:10 AM.
     1>Project "C:\AdaptiveCameraNetworkPack\CamNetPlat\ASCN_Combined_1\ASCN_Combined_1.vcxproj" on node 2 (Rebuild target(s)).
     1>ClCompile:
         C:\Program Files (x86)\Microsoft Visual Studio 12.0\VC\bin\x86_amd64\CL.exe /c /IC:\AdaptiveCameraNetworkPack\CamNetPlat\Graph /IC:\AdaptiveCameraNetworkPack\opencv\build\include /IC:\AdaptiveCameraNetworkPack\opencv\build\include\opencv /IC:\AdaptiveCameraNetworkPack\opencv\build\include\opencv2 /IC:\Qt\Qt5.5.0\5.5\msvc2013_64\include /Zi /nologo /W3 /WX- /sdl /Od /D WIN32 /D _DEBUG /D _CONSOLE /D _LIB /D _UNICODE /D UNICODE /Gm /EHsc /RTC1 /MDd /GS /fp:precise /Zc:wchar_t /Zc:forScope /Fo"x64\Debug\\" /Fd"x64\Debug\vc120.pdb" /Gd /TP /errorReport:prompt Blob.cpp HumanBlob.cpp MissingHumanBlob.cpp Source.cpp TrackingObject.cpp VideoProcessing.cpp
         VideoProcessing.cpp
     1>VideoProcessing.cpp(18): warning C4267: 'return' : conversion from 'size_t' to 'int', possible loss of data
     1>VideoProcessing.cpp(31): warning C4267: 'return' : conversion from 'size_t' to 'int', possible loss of data
         TrackingObject.cpp
     1>TrackingObject.cpp(20): warning C4244: '=' : conversion from 'int' to 'float', possible loss of data
     1>TrackingObject.cpp(21): warning C4244: '=' : conversion from 'int' to 'float', possible loss of data
     1>TrackingObject.cpp(59): warning C4244: '=' : conversion from 'int' to 'float', possible loss of data
     1>TrackingObject.cpp(60): warning C4244: '=' : conversion from 'int' to 'float', possible loss of data
         Source.cpp
         MissingHumanBlob.cpp
         HumanBlob.cpp
         Blob.cpp
     1>Blob.cpp(11): warning C4244: 'argument' : conversion from 'double' to 'float', possible loss of data
     1>Blob.cpp(23): warning C4244: 'argument' : conversion from 'double' to 'float', possible loss of data
         Generating Code...
       Link:
         C:\Program Files (x86)\Microsoft Visual Studio 12.0\VC\bin\x86_amd64\link.exe /ERRORREPORT:PROMPT /OUT:"C:\AdaptiveCameraNetworkPack\CamNetPlat\x64\Debug\ASCN_Combined_1.exe" /INCREMENTAL /NOLOGO /LIBPATH:C:\AdaptiveCameraNetworkPack\opencv\build\x64\vc12\lib /LIBPATH:C:\AdaptiveCameraNetworkPack\CamNetPlat\x64\Debug opencv_contrib249d.lib opencv_stitching249d.lib opencv_videostab249d.lib opencv_superres249d.lib opencv_nonfree249d.lib opencv_ocl249d.lib opencv_gpu249d.lib opencv_legacy249d.lib opencv_ts249d.lib opencv_calib3d249d.lib opencv_features2d249d.lib opencv_objdetect249d.lib opencv_highgui249d.lib opencv_video249d.lib opencv_photo249d.lib opencv_imgproc249d.lib opencv_flann249d.lib opencv_ml249d.lib opencv_core249d.lib Graph.lib kernel32.lib user32.lib gdi32.lib winspool.lib comdlg32.lib advapi32.lib shell32.lib ole32.lib oleaut32.lib uuid.lib odbc32.lib odbccp32.lib /MANIFEST /MANIFESTUAC:"level='asInvoker' uiAccess='false'" /manifest:embed /DEBUG /PDB:"C:\AdaptiveCameraNetworkPack\CamNetPlat\x64\Debug\ASCN_Combined_1.pdb" /SUBSYSTEM:CONSOLE /TLBID:1 /DYNAMICBASE /NXCOMPAT /IMPLIB:"C:\AdaptiveCameraNetworkPack\CamNetPlat\x64\Debug\ASCN_Combined_1.lib" /MACHINE:X64 x64\Debug\Blob.obj
         x64\Debug\HumanBlob.obj
         x64\Debug\MissingHumanBlob.obj
         x64\Debug\Source.obj
         x64\Debug\TrackingObject.obj
         x64\Debug\VideoProcessing.obj
         ASCN_Combined_1.vcxproj -> C:\AdaptiveCameraNetworkPack\CamNetPlat\x64\Debug\ASCN_Combined_1.exe
     1>Done Building Project "C:\AdaptiveCameraNetworkPack\CamNetPlat\ASCN_Combined_1\ASCN_Combined_1.vcxproj" (Rebuild target(s)).

Build succeeded.

Time Elapsed 00:00:06.57
