Build started 11/18/2015 10:48:08 AM.
     1>Project "C:\AdaptiveCameraNetworkPack\CamNetPlat\Principle\Principle.vcxproj" on node 5 (Rebuild target(s)).
     1>CustomBuild:
         Moc'ing principle.h...
         Uic'ing principle.ui...
         Rcc'ing principle.qrc...
     1>RCC : warning : No resources in 'C:\AdaptiveCameraNetworkPack\CamNetPlat\Principle\principle.qrc'.
         
       ClCompile:
         C:\Program Files (x86)\Microsoft Visual Studio 12.0\VC\bin\x86_amd64\CL.exe /c /I.\GeneratedFiles /I. /IC:\Qt\Qt5.5.0\5.5\msvc2013_64\include /I.\GeneratedFiles\Debug /IC:\Qt\Qt5.5.0\5.5\msvc2013_64\include\QtCore /IC:\Qt\Qt5.5.0\5.5\msvc2013_64\include\QtGui /IC:\Qt\Qt5.5.0\5.5\msvc2013_64\include\QtWidgets /IC:\AdaptiveCameraNetworkPack\Qt\include /Zi /nologo /W1 /WX- /Od /D UNICODE /D WIN32 /D WIN64 /D QT_DLL /D QT_CORE_LIB /D QT_GUI_LIB /D QT_WIDGETS_LIB /Gm- /EHsc /MDd /GS /fp:precise /Zc:wchar_t /Zc:forScope /Fo"x64\Debug\\" /Fd"x64\Debug\vc120.pdb" /Gd /TP /errorReport:prompt GeneratedFiles\Debug\moc_principle.cpp main.cpp principle.cpp
         moc_principle.cpp
         main.cpp
         principle.cpp
         Generating Code...
         C:\Program Files (x86)\Microsoft Visual Studio 12.0\VC\bin\x86_amd64\CL.exe /c /I.\GeneratedFiles /I. /IC:\Qt\Qt5.5.0\5.5\msvc2013_64\include /I.\GeneratedFiles\Debug /IC:\Qt\Qt5.5.0\5.5\msvc2013_64\include\QtCore /IC:\Qt\Qt5.5.0\5.5\msvc2013_64\include\QtGui /IC:\Qt\Qt5.5.0\5.5\msvc2013_64\include\QtWidgets /IC:\AdaptiveCameraNetworkPack\Qt\include /Zi /nologo /W1 /WX- /Od /D UNICODE /D WIN32 /D WIN64 /D QT_DLL /D QT_CORE_LIB /D QT_GUI_LIB /D QT_WIDGETS_LIB /Gm- /EHsc /MDd /GS /fp:precise /Zc:wchar_t /Zc:forScope /Fo"x64\Debug\\" /Fd"x64\Debug\vc120.pdb" /Gd /TP /errorReport:prompt GeneratedFiles\qrc_principle.cpp
         qrc_principle.cpp
       Link:
         C:\Program Files (x86)\Microsoft Visual Studio 12.0\VC\bin\x86_amd64\link.exe /ERRORREPORT:PROMPT /OUT:"C:\AdaptiveCameraNetworkPack\CamNetPlat\x64\Debug\\Principle.exe" /NOLOGO /LIBPATH:C:\Qt\Qt5.5.0\5.5\msvc2013_64\lib qtmaind.lib Qt5Cored.lib Qt5Guid.lib Qt5Widgetsd.lib kernel32.lib user32.lib gdi32.lib winspool.lib comdlg32.lib advapi32.lib shell32.lib ole32.lib oleaut32.lib uuid.lib odbc32.lib odbccp32.lib /MANIFEST /MANIFESTUAC:"level='asInvoker' uiAccess='false'" /manifest:embed /DEBUG /PDB:"C:\AdaptiveCameraNetworkPack\CamNetPlat\x64\Debug\Principle.pdb" /SUBSYSTEM:WINDOWS /TLBID:1 /DYNAMICBASE /NXCOMPAT /IMPLIB:"C:\AdaptiveCameraNetworkPack\CamNetPlat\x64\Debug\Principle.lib" /MACHINE:X64 x64\Debug\moc_principle.obj
         x64\Debug\qrc_principle.obj
         x64\Debug\main.obj
         x64\Debug\principle.obj
         Principle.vcxproj -> C:\AdaptiveCameraNetworkPack\CamNetPlat\x64\Debug\Principle.exe
     1>Done Building Project "C:\AdaptiveCameraNetworkPack\CamNetPlat\Principle\Principle.vcxproj" (Rebuild target(s)).

Build succeeded.

Time Elapsed 00:00:05.42
