c:\adaptivecameranetworkpack\camnetplat\principle\x64\debug\vc120.pdb
c:\adaptivecameranetworkpack\camnetplat\principle\x64\debug\principle.obj
c:\adaptivecameranetworkpack\camnetplat\principle\x64\debug\main.obj
c:\adaptivecameranetworkpack\camnetplat\principle\x64\debug\moc_principle.obj
c:\adaptivecameranetworkpack\camnetplat\principle\x64\debug\qrc_principle.obj
c:\adaptivecameranetworkpack\camnetplat\principle\generatedfiles\debug\moc_principle.cpp
c:\adaptivecameranetworkpack\camnetplat\principle\generatedfiles\ui_principle.h
c:\adaptivecameranetworkpack\camnetplat\principle\generatedfiles\qrc_principle.cpp
c:\adaptivecameranetworkpack\camnetplat\x64\debug\principle.ilk
c:\adaptivecameranetworkpack\camnetplat\x64\debug\principle.exe
c:\adaptivecameranetworkpack\camnetplat\x64\debug\principle.pdb
c:\adaptivecameranetworkpack\camnetplat\principle\x64\debug\principle.tlog\cl.command.1.tlog
c:\adaptivecameranetworkpack\camnetplat\principle\x64\debug\principle.tlog\cl.read.1.tlog
c:\adaptivecameranetworkpack\camnetplat\principle\x64\debug\principle.tlog\cl.write.1.tlog
c:\adaptivecameranetworkpack\camnetplat\principle\x64\debug\principle.tlog\custombuild.command.1.tlog
c:\adaptivecameranetworkpack\camnetplat\principle\x64\debug\principle.tlog\custombuild.read.1.tlog
c:\adaptivecameranetworkpack\camnetplat\principle\x64\debug\principle.tlog\custombuild.write.1.tlog
c:\adaptivecameranetworkpack\camnetplat\principle\x64\debug\principle.tlog\link.command.1.tlog
c:\adaptivecameranetworkpack\camnetplat\principle\x64\debug\principle.tlog\link.read.1.tlog
c:\adaptivecameranetworkpack\camnetplat\principle\x64\debug\principle.tlog\link.write.1.tlog
