c:\adaptivecameranetworkpack\camnetplat\videogeneration\x64\debug\vc120.pdb
c:\adaptivecameranetworkpack\camnetplat\videogeneration\x64\debug\videogeneration.obj
c:\adaptivecameranetworkpack\camnetplat\videogeneration\x64\debug\main.obj
c:\adaptivecameranetworkpack\camnetplat\videogeneration\x64\debug\generatevideo.obj
c:\adaptivecameranetworkpack\camnetplat\videogeneration\x64\debug\moc_videogeneration.obj
c:\adaptivecameranetworkpack\camnetplat\videogeneration\x64\debug\moc_generatevideo.obj
c:\adaptivecameranetworkpack\camnetplat\videogeneration\x64\debug\qrc_videogeneration.obj
c:\adaptivecameranetworkpack\camnetplat\videogeneration\generatedfiles\debug\moc_videogeneration.cpp
c:\adaptivecameranetworkpack\camnetplat\videogeneration\generatedfiles\ui_videogeneration.h
c:\adaptivecameranetworkpack\camnetplat\videogeneration\generatedfiles\debug\moc_generatevideo.cpp
c:\adaptivecameranetworkpack\camnetplat\videogeneration\generatedfiles\qrc_videogeneration.cpp
c:\adaptivecameranetworkpack\camnetplat\videogeneration\generatedfiles\ui_generatevideo.h
c:\adaptivecameranetworkpack\camnetplat\x64\debug\videogeneration.ilk
c:\adaptivecameranetworkpack\camnetplat\x64\debug\videogeneration.exe
c:\adaptivecameranetworkpack\camnetplat\x64\debug\videogeneration.pdb
c:\adaptivecameranetworkpack\camnetplat\videogeneration\x64\debug\videogeneration.tlog\cl.command.1.tlog
c:\adaptivecameranetworkpack\camnetplat\videogeneration\x64\debug\videogeneration.tlog\cl.read.1.tlog
c:\adaptivecameranetworkpack\camnetplat\videogeneration\x64\debug\videogeneration.tlog\cl.write.1.tlog
c:\adaptivecameranetworkpack\camnetplat\videogeneration\x64\debug\videogeneration.tlog\custombuild.command.1.tlog
c:\adaptivecameranetworkpack\camnetplat\videogeneration\x64\debug\videogeneration.tlog\custombuild.read.1.tlog
c:\adaptivecameranetworkpack\camnetplat\videogeneration\x64\debug\videogeneration.tlog\custombuild.write.1.tlog
c:\adaptivecameranetworkpack\camnetplat\videogeneration\x64\debug\videogeneration.tlog\link.command.1.tlog
c:\adaptivecameranetworkpack\camnetplat\videogeneration\x64\debug\videogeneration.tlog\link.read.1.tlog
c:\adaptivecameranetworkpack\camnetplat\videogeneration\x64\debug\videogeneration.tlog\link.write.1.tlog
