c:\adaptivecameranetworkpack\camnetplat\qtgui\x64\debug\vc120.pdb
c:\adaptivecameranetworkpack\camnetplat\qtgui\x64\debug\manipulatecaviardata.obj
c:\adaptivecameranetworkpack\camnetplat\qtgui\x64\debug\humanreidentification.obj
c:\adaptivecameranetworkpack\camnetplat\qtgui\x64\debug\calculatemoments.obj
c:\adaptivecameranetworkpack\camnetplat\qtgui\x64\debug\moc_qtgui.obj
c:\adaptivecameranetworkpack\camnetplat\qtgui\x64\debug\caviarreid.obj
c:\adaptivecameranetworkpack\camnetplat\qtgui\x64\debug\moments.obj
c:\adaptivecameranetworkpack\camnetplat\qtgui\x64\debug\main.obj
c:\adaptivecameranetworkpack\camnetplat\qtgui\x64\debug\qrc_qtgui.obj
c:\adaptivecameranetworkpack\camnetplat\qtgui\generatedfiles\debug\moc_qtgui.cpp
c:\adaptivecameranetworkpack\camnetplat\qtgui\generatedfiles\ui_qtgui.h
c:\adaptivecameranetworkpack\camnetplat\qtgui\generatedfiles\qrc_qtgui.cpp
c:\adaptivecameranetworkpack\camnetplat\qtgui\x64\debug\qtgui.tlog\cl.command.1.tlog
c:\adaptivecameranetworkpack\camnetplat\qtgui\x64\debug\qtgui.tlog\cl.read.1.tlog
c:\adaptivecameranetworkpack\camnetplat\qtgui\x64\debug\qtgui.tlog\cl.write.1.tlog
c:\adaptivecameranetworkpack\camnetplat\qtgui\x64\debug\qtgui.tlog\custombuild.command.1.tlog
c:\adaptivecameranetworkpack\camnetplat\qtgui\x64\debug\qtgui.tlog\custombuild.read.1.tlog
c:\adaptivecameranetworkpack\camnetplat\qtgui\x64\debug\qtgui.tlog\custombuild.write.1.tlog
c:\adaptivecameranetworkpack\camnetplat\qtgui\x64\debug\qtgui.tlog\link.command.1.tlog
c:\adaptivecameranetworkpack\camnetplat\qtgui\x64\debug\qtgui.tlog\link.read.1.tlog
c:\adaptivecameranetworkpack\camnetplat\qtgui\x64\debug\qtgui.tlog\link.write.1.tlog
